\BOOKMARK [0][-]{chapter*.2}{Abstract}{}% 1
\BOOKMARK [0][-]{chapter.1}{Introduzione}{}% 2
\BOOKMARK [0][-]{chapter.2}{Progetto}{}% 3
\BOOKMARK [1][-]{section.2.1}{Soluzione Proposta}{chapter.2}% 4
\BOOKMARK [0][-]{chapter.3}{Tecnologie utilizzate}{}% 5
\BOOKMARK [1][-]{section.3.1}{Raspberry}{chapter.3}% 6
\BOOKMARK [2][-]{subsection.3.1.1}{Rasbian}{section.3.1}% 7
\BOOKMARK [2][-]{subsection.3.1.2}{Raspberry Pi Camera}{section.3.1}% 8
\BOOKMARK [2][-]{subsection.3.1.3}{Qwiic Proximity Sensor \(VCNL4040\)}{section.3.1}% 9
\BOOKMARK [1][-]{section.3.2}{Python}{chapter.3}% 10
\BOOKMARK [1][-]{section.3.3}{Librerie utilizzate}{chapter.3}% 11
\BOOKMARK [2][-]{subsection.3.3.1}{Boto3}{section.3.3}% 12
\BOOKMARK [2][-]{subsection.3.3.2}{E-mail}{section.3.3}% 13
\BOOKMARK [2][-]{subsection.3.3.3}{Picamera}{section.3.3}% 14
\BOOKMARK [2][-]{subsection.3.3.4}{Adafruit vcnl4040}{section.3.3}% 15
\BOOKMARK [2][-]{subsection.3.3.5}{Time}{section.3.3}% 16
\BOOKMARK [1][-]{section.3.4}{Amazon Web Services}{chapter.3}% 17
\BOOKMARK [2][-]{subsection.3.4.1}{Amazon Simple Storage Service}{section.3.4}% 18
\BOOKMARK [2][-]{subsection.3.4.2}{Amazon DynamoDB}{section.3.4}% 19
\BOOKMARK [2][-]{subsection.3.4.3}{AWS Lambda}{section.3.4}% 20
\BOOKMARK [2][-]{subsection.3.4.4}{Amazon Rekognition}{section.3.4}% 21
\BOOKMARK [2][-]{subsection.3.4.5}{Amazon CloudWatch}{section.3.4}% 22
\BOOKMARK [2][-]{subsection.3.4.6}{AWS Identity and Access Management}{section.3.4}% 23
\BOOKMARK [1][-]{section.3.5}{GitLab}{chapter.3}% 24
\BOOKMARK [0][-]{chapter.4}{Sviluppo}{}% 25
\BOOKMARK [1][-]{section.4.1}{Prodotto sviluppato}{chapter.4}% 26
\BOOKMARK [1][-]{section.4.2}{Fasi di sviluppo}{chapter.4}% 27
\BOOKMARK [2][-]{subsection.4.2.1}{Configurazione Raspberry Pi}{section.4.2}% 28
\BOOKMARK [2][-]{subsection.4.2.2}{Servizi Amazon Web Services}{section.4.2}% 29
\BOOKMARK [2][-]{subsection.4.2.3}{PuTTY}{section.4.2}% 30
\BOOKMARK [2][-]{subsection.4.2.4}{WinSCP}{section.4.2}% 31
\BOOKMARK [1][-]{section.4.3}{Testing}{chapter.4}% 32
\BOOKMARK [0][-]{chapter.5}{Conclusioni}{}% 33
